app/build/intermediates/manifest_merge_blame_file/debug/processDebugMainManifest/manifest-merger-blame-debug-report.txt
1<?xml version="1.0" encoding="utf-8"?>
2<manifest xmlns:android="http://schemas.android.com/apk/res/android"
3    package="com.example.quotevault"
4    android:versionCode="1"
5    android:versionName="1.0" >
6
7    <uses-sdk
8        android:minSdkVersion="26"
9        android:targetSdkVersion="35" />
10
11    <uses-permission android:name="android.permission.INTERNET" />
11-->src\main\AndroidManifest.xml:4:5-67
11-->src\main\AndroidManifest.xml:4:22-64
12    <uses-permission
12-->src\main\AndroidManifest.xml:5:5-108
13        android:name="android.permission.WRITE_EXTERNAL_STORAGE"
13-->src\main\AndroidManifest.xml:5:22-78
14        android:maxSdkVersion="32" />
14-->src\main\AndroidManifest.xml:5:79-105
15    <uses-permission android:name="android.permission.POST_NOTIFICATIONS" />
15-->src\main\AndroidManifest.xml:6:5-77
15-->src\main\AndroidManifest.xml:6:22-74
16    <uses-permission android:name="android.permission.RECEIVE_BOOT_COMPLETED" />
16-->src\main\AndroidManifest.xml:7:5-81
16-->src\main\AndroidManifest.xml:7:22-78
17    <uses-permission android:name="android.permission.WAKE_LOCK" />
17-->[androidx.work:work-runtime:2.10.0] AndroidManifest.xml:23:5-68
17-->[androidx.work:work-runtime:2.10.0] AndroidManifest.xml:23:22-65
18    <uses-permission android:name="android.permission.ACCESS_NETWORK_STATE" />
18-->[androidx.work:work-runtime:2.10.0] AndroidManifest.xml:24:5-79
18-->[androidx.work:work-runtime:2.10.0] AndroidManifest.xml:24:22-76
19    <uses-permission android:name="android.permission.FOREGROUND_SERVICE" />
19-->[androidx.work:work-runtime:2.10.0] AndroidManifest.xml:26:5-77
19-->[androidx.work:work-runtime:2.10.0] AndroidManifest.xml:26:22-74
20
21    <permission
21-->[androidx.core:core:1.15.0] AndroidManifest.xml:22:5-24:47
22        android:name="com.example.quotevault.DYNAMIC_RECEIVER_NOT_EXPORTED_PERMISSION"
22-->[androidx.core:core:1.15.0] AndroidManifest.xml:23:9-81
23        android:protectionLevel="signature" />
23-->[androidx.core:core:1.15.0] AndroidManifest.xml:24:9-44
24
25    <uses-permission android:name="com.example.quotevault.DYNAMIC_RECEIVER_NOT_EXPORTED_PERMISSION" />
25-->[androidx.core:core:1.15.0] AndroidManifest.xml:26:5-97
25-->[androidx.core:core:1.15.0] AndroidManifest.xml:26:22-94
26
27    <application
27-->src\main\AndroidManifest.xml:9:5-35:19
28        android:name="com.example.quotevault.QuoteVaultApp"
28-->src\main\AndroidManifest.xml:10:9-38
29        android:allowBackup="true"
29-->src\main\AndroidManifest.xml:11:9-35
30        android:appComponentFactory="androidx.core.app.CoreComponentFactory"
30-->[androidx.core:core:1.15.0] AndroidManifest.xml:28:18-86
31        android:debuggable="true"
32        android:extractNativeLibs="false"
33        android:label="@string/app_name"
33-->src\main\AndroidManifest.xml:12:9-41
34        android:supportsRtl="true"
34-->src\main\AndroidManifest.xml:13:9-35
35        android:testOnly="true"
36        android:theme="@style/Theme.QuoteVault" >
36-->src\main\AndroidManifest.xml:14:9-48
37        <activity
37-->src\main\AndroidManifest.xml:16:9-23:20
38            android:name="com.example.quotevault.MainActivity"
38-->src\main\AndroidManifest.xml:17:13-41
39            android:exported="true" >
39-->src\main\AndroidManifest.xml:18:13-36
40            <intent-filter>
40-->src\main\AndroidManifest.xml:19:13-22:29
41                <action android:name="android.intent.action.MAIN" />
41-->src\main\AndroidManifest.xml:20:17-69
41-->src\main\AndroidManifest.xml:20:25-66
42
43                <category android:name="android.intent.category.LAUNCHER" />
43-->src\main\AndroidManifest.xml:21:17-77
43-->src\main\AndroidManifest.xml:21:27-74
44            </intent-filter>
45        </activity>
46
47        <provider
48            android:name="androidx.core.content.FileProvider"
48-->src\main\AndroidManifest.xml:26:13-62
49            android:authorities="com.example.quotevault.fileprovider"
49-->src\main\AndroidManifest.xml:27:13-64
50            android:exported="false"
50-->src\main\AndroidManifest.xml:28:13-37
51            android:grantUriPermissions="true" >
51-->src\main\AndroidManifest.xml:29:13-47
52            <meta-data
52-->src\main\AndroidManifest.xml:30:13-32:54
53                android:name="android.support.FILE_PROVIDER_PATHS"
53-->src\main\AndroidManifest.xml:31:17-67
54                android:resource="@xml/file_paths" />
54-->src\main\AndroidManifest.xml:32:17-51
55        </provider>
56
57        <activity
57-->[androidx.glance:glance-appwidget:1.1.1] AndroidManifest.xml:23:9-28:62
58            android:name="androidx.glance.appwidget.action.ActionTrampolineActivity"
58-->[androidx.glance:glance-appwidget:1.1.1] AndroidManifest.xml:24:13-85
59            android:enabled="true"
59-->[androidx.glance:glance-appwidget:1.1.1] AndroidManifest.xml:25:13-35
60            android:excludeFromRecents="true"
60-->[androidx.glance:glance-appwidget:1.1.1] AndroidManifest.xml:26:13-46
61            android:exported="false"
61-->[androidx.glance:glance-appwidget:1.1.1] AndroidManifest.xml:27:13-37
62            android:theme="@android:style/Theme.NoDisplay" />
62-->[androidx.glance:glance-appwidget:1.1.1] AndroidManifest.xml:28:13-59
63        <activity
63-->[androidx.glance:glance-appwidget:1.1.1] AndroidManifest.xml:29:9-36:81
64            android:name="androidx.glance.appwidget.action.InvisibleActionTrampolineActivity"
64-->[androidx.glance:glance-appwidget:1.1.1] AndroidManifest.xml:30:13-94
65            android:enabled="true"
65-->[androidx.glance:glance-appwidget:1.1.1] AndroidManifest.xml:31:13-35
66            android:exported="false"
66-->[androidx.glance:glance-appwidget:1.1.1] AndroidManifest.xml:32:13-37
67            android:launchMode="singleInstance"
67-->[androidx.glance:glance-appwidget:1.1.1] AndroidManifest.xml:33:13-48
68            android:noHistory="true"
68-->[androidx.glance:glance-appwidget:1.1.1] AndroidManifest.xml:34:13-37
69            android:taskAffinity="androidx.glance.appwidget.ListAdapterCallbackTrampoline"
69-->[androidx.glance:glance-appwidget:1.1.1] AndroidManifest.xml:35:13-91
70            android:theme="@style/Widget.Glance.AppWidget.CallbackTrampoline" />
70-->[androidx.glance:glance-appwidget:1.1.1] AndroidManifest.xml:36:13-78
71
72        <receiver
72-->[androidx.glance:glance-appwidget:1.1.1] AndroidManifest.xml:38:9-41:40
73            android:name="androidx.glance.appwidget.action.ActionCallbackBroadcastReceiver"
73-->[androidx.glance:glance-appwidget:1.1.1] AndroidManifest.xml:39:13-92
74            android:enabled="true"
74-->[androidx.glance:glance-appwidget:1.1.1] AndroidManifest.xml:40:13-35
75            android:exported="false" />
75-->[androidx.glance:glance-appwidget:1.1.1] AndroidManifest.xml:41:13-37
76        <receiver
76-->[androidx.glance:glance-appwidget:1.1.1] AndroidManifest.xml:42:9-45:40
77            android:name="androidx.glance.appwidget.UnmanagedSessionReceiver"
77-->[androidx.glance:glance-appwidget:1.1.1] AndroidManifest.xml:43:13-78
78            android:enabled="true"
78-->[androidx.glance:glance-appwidget:1.1.1] AndroidManifest.xml:44:13-35
79            android:exported="false" />
79-->[androidx.glance:glance-appwidget:1.1.1] AndroidManifest.xml:45:13-37
80        <receiver
80-->[androidx.glance:glance-appwidget:1.1.1] AndroidManifest.xml:46:9-53:20
81            android:name="androidx.glance.appwidget.MyPackageReplacedReceiver"
81-->[androidx.glance:glance-appwidget:1.1.1] AndroidManifest.xml:47:13-79
82            android:enabled="true"
82-->[androidx.glance:glance-appwidget:1.1.1] AndroidManifest.xml:48:13-35
83            android:exported="false" >
83-->[androidx.glance:glance-appwidget:1.1.1] AndroidManifest.xml:49:13-37
84            <intent-filter>
84-->[androidx.glance:glance-appwidget:1.1.1] AndroidManifest.xml:50:13-52:29
85                <action android:name="android.intent.action.MY_PACKAGE_REPLACED" />
85-->[androidx.glance:glance-appwidget:1.1.1] AndroidManifest.xml:51:17-84
85-->[androidx.glance:glance-appwidget:1.1.1] AndroidManifest.xml:51:25-81
86            </intent-filter>
87        </receiver>
88
89        <service
89-->[androidx.glance:glance-appwidget:1.1.1] AndroidManifest.xml:55:9-58:72
90            android:name="androidx.glance.appwidget.GlanceRemoteViewsService"
90-->[androidx.glance:glance-appwidget:1.1.1] AndroidManifest.xml:56:13-78
91            android:exported="true"
91-->[androidx.glance:glance-appwidget:1.1.1] AndroidManifest.xml:57:13-36
92            android:permission="android.permission.BIND_REMOTEVIEWS" />
92-->[androidx.glance:glance-appwidget:1.1.1] AndroidManifest.xml:58:13-69
93
94        <provider
94-->[androidx.work:work-runtime:2.10.0] AndroidManifest.xml:29:9-37:20
95            android:name="androidx.startup.InitializationProvider"
95-->[androidx.work:work-runtime:2.10.0] AndroidManifest.xml:30:13-67
96            android:authorities="com.example.quotevault.androidx-startup"
96-->[androidx.work:work-runtime:2.10.0] AndroidManifest.xml:31:13-68
97            android:exported="false" >
97-->[androidx.work:work-runtime:2.10.0] AndroidManifest.xml:32:13-37
98            <meta-data
98-->[androidx.work:work-runtime:2.10.0] AndroidManifest.xml:34:13-36:52
99                android:name="androidx.work.WorkManagerInitializer"
99-->[androidx.work:work-runtime:2.10.0] AndroidManifest.xml:35:17-68
100                android:value="androidx.startup" />
100-->[androidx.work:work-runtime:2.10.0] AndroidManifest.xml:36:17-49
101            <meta-data
101-->[io.github.jan-tennert.supabase:storage-kt-android-debug:3.0.2] AndroidManifest.xml:14:13-16:52
102                android:name="io.github.jan.supabase.storage.SupabaseInitializer"
102-->[io.github.jan-tennert.supabase:storage-kt-android-debug:3.0.2] AndroidManifest.xml:15:17-82
103                android:value="androidx.startup" />
103-->[io.github.jan-tennert.supabase:storage-kt-android-debug:3.0.2] AndroidManifest.xml:16:17-49
104            <meta-data
104-->[io.github.jan-tennert.supabase:auth-kt-android-debug:3.0.2] AndroidManifest.xml:14:13-16:52
105                android:name="io.github.jan.supabase.auth.SupabaseInitializer"
105-->[io.github.jan-tennert.supabase:auth-kt-android-debug:3.0.2] AndroidManifest.xml:15:17-79
106                android:value="androidx.startup" />
106-->[io.github.jan-tennert.supabase:auth-kt-android-debug:3.0.2] AndroidManifest.xml:16:17-49
107            <meta-data
107-->[androidx.emoji2:emoji2:1.3.0] AndroidManifest.xml:29:13-31:52
108                android:name="androidx.emoji2.text.EmojiCompatInitializer"
108-->[androidx.emoji2:emoji2:1.3.0] AndroidManifest.xml:30:17-75
109                android:value="androidx.startup" />
109-->[androidx.emoji2:emoji2:1.3.0] AndroidManifest.xml:31:17-49
110            <meta-data
110-->[androidx.lifecycle:lifecycle-process:2.8.7] AndroidManifest.xml:29:13-31:52
111                android:name="androidx.lifecycle.ProcessLifecycleInitializer"
111-->[androidx.lifecycle:lifecycle-process:2.8.7] AndroidManifest.xml:30:17-78
112                android:value="androidx.startup" />
112-->[androidx.lifecycle:lifecycle-process:2.8.7] AndroidManifest.xml:31:17-49
113            <meta-data
113-->[androidx.profileinstaller:profileinstaller:1.3.1] AndroidManifest.xml:29:13-31:52
114                android:name="androidx.profileinstaller.ProfileInstallerInitializer"
114-->[androidx.profileinstaller:profileinstaller:1.3.1] AndroidManifest.xml:30:17-85
115                android:value="androidx.startup" />
115-->[androidx.profileinstaller:profileinstaller:1.3.1] AndroidManifest.xml:31:17-49
116            <meta-data
116-->[com.russhwolf:multiplatform-settings-no-arg-android-debug:1.2.0] AndroidManifest.xml:29:13-31:52
117                android:name="com.russhwolf.settings.SettingsInitializer"
117-->[com.russhwolf:multiplatform-settings-no-arg-android-debug:1.2.0] AndroidManifest.xml:30:17-74
118                android:value="androidx.startup" />
118-->[com.russhwolf:multiplatform-settings-no-arg-android-debug:1.2.0] AndroidManifest.xml:31:17-49
119        </provider>
120
121        <service
121-->[androidx.work:work-runtime:2.10.0] AndroidManifest.xml:39:9-45:35
122            android:name="androidx.work.impl.background.systemalarm.SystemAlarmService"
122-->[androidx.work:work-runtime:2.10.0] AndroidManifest.xml:40:13-88
123            android:directBootAware="false"
123-->[androidx.work:work-runtime:2.10.0] AndroidManifest.xml:41:13-44
124            android:enabled="@bool/enable_system_alarm_service_default"
124-->[androidx.work:work-runtime:2.10.0] AndroidManifest.xml:42:13-72
125            android:exported="false" />
125-->[androidx.work:work-runtime:2.10.0] AndroidManifest.xml:43:13-37
126        <service
126-->[androidx.work:work-runtime:2.10.0] AndroidManifest.xml:46:9-52:35
127            android:name="androidx.work.impl.background.systemjob.SystemJobService"
127-->[androidx.work:work-runtime:2.10.0] AndroidManifest.xml:47:13-84
128            android:directBootAware="false"
128-->[androidx.work:work-runtime:2.10.0] AndroidManifest.xml:48:13-44
129            android:enabled="@bool/enable_system_job_service_default"
129-->[androidx.work:work-runtime:2.10.0] AndroidManifest.xml:49:13-70
130            android:exported="true"
130-->[androidx.work:work-runtime:2.10.0] AndroidManifest.xml:50:13-36
131            android:permission="android.permission.BIND_JOB_SERVICE" />
131-->[androidx.work:work-runtime:2.10.0] AndroidManifest.xml:51:13-69
132        <service
132-->[androidx.work:work-runtime:2.10.0] AndroidManifest.xml:53:9-59:35
133            android:name="androidx.work.impl.foreground.SystemForegroundService"
133-->[androidx.work:work-runtime:2.10.0] AndroidManifest.xml:54:13-81
134            android:directBootAware="false"
134-->[androidx.work:work-runtime:2.10.0] AndroidManifest.xml:55:13-44
135            android:enabled="@bool/enable_system_foreground_service_default"
135-->[androidx.work:work-runtime:2.10.0] AndroidManifest.xml:56:13-77
136            android:exported="false" />
136-->[androidx.work:work-runtime:2.10.0] AndroidManifest.xml:57:13-37
137
138        <receiver
138-->[androidx.work:work-runtime:2.10.0] AndroidManifest.xml:61:9-66:35
139            android:name="androidx.work.impl.utils.ForceStopRunnable$BroadcastReceiver"
139-->[androidx.work:work-runtime:2.10.0] AndroidManifest.xml:62:13-88
140            android:directBootAware="false"
140-->[androidx.work:work-runtime:2.10.0] AndroidManifest.xml:63:13-44
141            android:enabled="true"
141-->[androidx.work:work-runtime:2.10.0] AndroidManifest.xml:64:13-35
142            android:exported="false" />
142-->[androidx.work:work-runtime:2.10.0] AndroidManifest.xml:65:13-37
143        <receiver
143-->[androidx.work:work-runtime:2.10.0] AndroidManifest.xml:67:9-77:20
144            android:name="androidx.work.impl.background.systemalarm.ConstraintProxy$BatteryChargingProxy"
144-->[androidx.work:work-runtime:2.10.0] AndroidManifest.xml:68:13-106
145            android:directBootAware="false"
145-->[androidx.work:work-runtime:2.10.0] AndroidManifest.xml:69:13-44
146            android:enabled="false"
146-->[androidx.work:work-runtime:2.10.0] AndroidManifest.xml:70:13-36
147            android:exported="false" >
147-->[androidx.work:work-runtime:2.10.0] AndroidManifest.xml:71:13-37
148            <intent-filter>
148-->[androidx.work:work-runtime:2.10.0] AndroidManifest.xml:73:13-76:29
149                <action android:name="android.intent.action.ACTION_POWER_CONNECTED" />
149-->[androidx.work:work-runtime:2.10.0] AndroidManifest.xml:74:17-87
149-->[androidx.work:work-runtime:2.10.0] AndroidManifest.xml:74:25-84
150                <action android:name="android.intent.action.ACTION_POWER_DISCONNECTED" />
150-->[androidx.work:work-runtime:2.10.0] AndroidManifest.xml:75:17-90
150-->[androidx.work:work-runtime:2.10.0] AndroidManifest.xml:75:25-87
151            </intent-filter>
152        </receiver>
153        <receiver
153-->[androidx.work:work-runtime:2.10.0] AndroidManifest.xml:78:9-88:20
154            android:name="androidx.work.impl.background.systemalarm.ConstraintProxy$BatteryNotLowProxy"
154-->[androidx.work:work-runtime:2.10.0] AndroidManifest.xml:79:13-104
155            android:directBootAware="false"
155-->[androidx.work:work-runtime:2.10.0] AndroidManifest.xml:80:13-44
156            android:enabled="false"
156-->[androidx.work:work-runtime:2.10.0] AndroidManifest.xml:81:13-36
157            android:exported="false" >
157-->[androidx.work:work-runtime:2.10.0] AndroidManifest.xml:82:13-37
158            <intent-filter>
158-->[androidx.work:work-runtime:2.10.0] AndroidManifest.xml:84:13-87:29
159                <action android:name="android.intent.action.BATTERY_OKAY" />
159-->[androidx.work:work-runtime:2.10.0] AndroidManifest.xml:85:17-77
159-->[androidx.work:work-runtime:2.10.0] AndroidManifest.xml:85:25-74
160                <action android:name="android.intent.action.BATTERY_LOW" />
160-->[androidx.work:work-runtime:2.10.0] AndroidManifest.xml:86:17-76
160-->[androidx.work:work-runtime:2.10.0] AndroidManifest.xml:86:25-73
161            </intent-filter>
162        </receiver>
163        <receiver
163-->[androidx.work:work-runtime:2.10.0] AndroidManifest.xml:89:9-99:20
164            android:name="androidx.work.impl.background.systemalarm.ConstraintProxy$StorageNotLowProxy"
164-->[androidx.work:work-runtime:2.10.0] AndroidManifest.xml:90:13-104
165            android:directBootAware="false"
165-->[androidx.work:work-runtime:2.10.0] AndroidManifest.xml:91:13-44
166            android:enabled="false"
166-->[androidx.work:work-runtime:2.10.0] AndroidManifest.xml:92:13-36
167            android:exported="false" >
167-->[androidx.work:work-runtime:2.10.0] AndroidManifest.xml:93:13-37
168            <intent-filter>
168-->[androidx.work:work-runtime:2.10.0] AndroidManifest.xml:95:13-98:29
169                <action android:name="android.intent.action.DEVICE_STORAGE_LOW" />
169-->[androidx.work:work-runtime:2.10.0] AndroidManifest.xml:96:17-83
169-->[androidx.work:work-runtime:2.10.0] AndroidManifest.xml:96:25-80
170                <action android:name="android.intent.action.DEVICE_STORAGE_OK" />
170-->[androidx.work:work-runtime:2.10.0] AndroidManifest.xml:97:17-82
170-->[androidx.work:work-runtime:2.10.0] AndroidManifest.xml:97:25-79
171            </intent-filter>
172        </receiver>
173        <receiver
173-->[androidx.work:work-runtime:2.10.0] AndroidManifest.xml:100:9-109:20
174            android:name="androidx.work.impl.background.systemalarm.ConstraintProxy$NetworkStateProxy"
174-->[androidx.work:work-runtime:2.10.0] AndroidManifest.xml:101:13-103
175            android:directBootAware="false"
175-->[androidx.work:work-runtime:2.10.0] AndroidManifest.xml:102:13-44
176            android:enabled="false"
176-->[androidx.work:work-runtime:2.10.0] AndroidManifest.xml:103:13-36
177            android:exported="false" >
177-->[androidx.work:work-runtime:2.10.0] AndroidManifest.xml:104:13-37
178            <intent-filter>
178-->[androidx.work:work-runtime:2.10.0] AndroidManifest.xml:106:13-108:29
179                <action android:name="android.net.conn.CONNECTIVITY_CHANGE" />
179-->[androidx.work:work-runtime:2.10.0] AndroidManifest.xml:107:17-79
179-->[androidx.work:work-runtime:2.10.0] AndroidManifest.xml:107:25-76
180            </intent-filter>
181        </receiver>
182        <receiver
182-->[androidx.work:work-runtime:2.10.0] AndroidManifest.xml:110:9-121:20
183            android:name="androidx.work.impl.background.systemalarm.RescheduleReceiver"
183-->[androidx.work:work-runtime:2.10.0] AndroidManifest.xml:111:13-88
184            android:directBootAware="false"
184-->[androidx.work:work-runtime:2.10.0] AndroidManifest.xml:112:13-44
185            android:enabled="false"
185-->[androidx.work:work-runtime:2.10.0] AndroidManifest.xml:113:13-36
186            android:exported="false" >
186-->[androidx.work:work-runtime:2.10.0] AndroidManifest.xml:114:13-37
187            <intent-filter>
187-->[androidx.work:work-runtime:2.10.0] AndroidManifest.xml:116:13-120:29
188                <action android:name="android.intent.action.BOOT_COMPLETED" />
188-->[androidx.work:work-runtime:2.10.0] AndroidManifest.xml:117:17-79
188-->[androidx.work:work-runtime:2.10.0] AndroidManifest.xml:117:25-76
189                <action android:name="android.intent.action.TIME_SET" />
189-->[androidx.work:work-runtime:2.10.0] AndroidManifest.xml:118:17-73
189-->[androidx.work:work-runtime:2.10.0] AndroidManifest.xml:118:25-70
190                <action android:name="android.intent.action.TIMEZONE_CHANGED" />
190-->[androidx.work:work-runtime:2.10.0] AndroidManifest.xml:119:17-81
190-->[androidx.work:work-runtime:2.10.0] AndroidManifest.xml:119:25-78
191            </intent-filter>
192        </receiver>
193        <receiver
193-->[androidx.work:work-runtime:2.10.0] AndroidManifest.xml:122:9-131:20
194            android:name="androidx.work.impl.background.systemalarm.ConstraintProxyUpdateReceiver"
194-->[androidx.work:work-runtime:2.10.0] AndroidManifest.xml:123:13-99
195            android:directBootAware="false"
195-->[androidx.work:work-runtime:2.10.0] AndroidManifest.xml:124:13-44
196            android:enabled="@bool/enable_system_alarm_service_default"
196-->[androidx.work:work-runtime:2.10.0] AndroidManifest.xml:125:13-72
197            android:exported="false" >
197-->[androidx.work:work-runtime:2.10.0] AndroidManifest.xml:126:13-37
198            <intent-filter>
198-->[androidx.work:work-runtime:2.10.0] AndroidManifest.xml:128:13-130:29
199                <action android:name="androidx.work.impl.background.systemalarm.UpdateProxies" />
199-->[androidx.work:work-runtime:2.10.0] AndroidManifest.xml:129:17-98
199-->[androidx.work:work-runtime:2.10.0] AndroidManifest.xml:129:25-95
200            </intent-filter>
201        </receiver>
202        <receiver
202-->[androidx.work:work-runtime:2.10.0] AndroidManifest.xml:132:9-142:20
203            android:name="androidx.work.impl.diagnostics.DiagnosticsReceiver"
203-->[androidx.work:work-runtime:2.10.0] AndroidManifest.xml:133:13-78
204            android:directBootAware="false"
204-->[androidx.work:work-runtime:2.10.0] AndroidManifest.xml:134:13-44
205            android:enabled="true"
205-->[androidx.work:work-runtime:2.10.0] AndroidManifest.xml:135:13-35
206            android:exported="true"
206-->[androidx.work:work-runtime:2.10.0] AndroidManifest.xml:136:13-36
207            android:permission="android.permission.DUMP" >
207-->[androidx.work:work-runtime:2.10.0] AndroidManifest.xml:137:13-57
208            <intent-filter>
208-->[androidx.work:work-runtime:2.10.0] AndroidManifest.xml:139:13-141:29
209                <action android:name="androidx.work.diagnostics.REQUEST_DIAGNOSTICS" />
209-->[androidx.work:work-runtime:2.10.0] AndroidManifest.xml:140:17-88
209-->[androidx.work:work-runtime:2.10.0] AndroidManifest.xml:140:25-85
210            </intent-filter>
211        </receiver>
212
213        <service
213-->[androidx.core:core-remoteviews:1.1.0] AndroidManifest.xml:24:9-27:63
214            android:name="androidx.core.widget.RemoteViewsCompatService"
214-->[androidx.core:core-remoteviews:1.1.0] AndroidManifest.xml:25:13-73
215            android:permission="android.permission.BIND_REMOTEVIEWS" />
215-->[androidx.core:core-remoteviews:1.1.0] AndroidManifest.xml:26:13-69
216
217        <receiver
217-->[androidx.profileinstaller:profileinstaller:1.3.1] AndroidManifest.xml:34:9-52:20
218            android:name="androidx.profileinstaller.ProfileInstallReceiver"
218-->[androidx.profileinstaller:profileinstaller:1.3.1] AndroidManifest.xml:35:13-76
219            android:directBootAware="false"
219-->[androidx.profileinstaller:profileinstaller:1.3.1] AndroidManifest.xml:36:13-44
220            android:enabled="true"
220-->[androidx.profileinstaller:profileinstaller:1.3.1] AndroidManifest.xml:37:13-35
221            android:exported="true"
221-->[androidx.profileinstaller:profileinstaller:1.3.1] AndroidManifest.xml:38:13-36
222            android:permission="android.permission.DUMP" >
222-->[androidx.profileinstaller:profileinstaller:1.3.1] AndroidManifest.xml:39:13-57
223            <intent-filter>
223-->[androidx.profileinstaller:profileinstaller:1.3.1] AndroidManifest.xml:40:13-42:29
224                <action android:name="androidx.profileinstaller.action.INSTALL_PROFILE" />
224-->[androidx.profileinstaller:profileinstaller:1.3.1] AndroidManifest.xml:41:17-91
224-->[androidx.profileinstaller:profileinstaller:1.3.1] AndroidManifest.xml:41:25-88
225            </intent-filter>
226            <intent-filter>
226-->[androidx.profileinstaller:profileinstaller:1.3.1] AndroidManifest.xml:43:13-45:29
227                <action android:name="androidx.profileinstaller.action.SKIP_FILE" />
227-->[androidx.profileinstaller:profileinstaller:1.3.1] AndroidManifest.xml:44:17-85
227-->[androidx.profileinstaller:profileinstaller:1.3.1] AndroidManifest.xml:44:25-82
228            </intent-filter>
229            <intent-filter>
229-->[androidx.profileinstaller:profileinstaller:1.3.1] AndroidManifest.xml:46:13-48:29
230                <action android:name="androidx.profileinstaller.action.SAVE_PROFILE" />
230-->[androidx.profileinstaller:profileinstaller:1.3.1] AndroidManifest.xml:47:17-88
230-->[androidx.profileinstaller:profileinstaller:1.3.1] AndroidManifest.xml:47:25-85
231            </intent-filter>
232            <intent-filter>
232-->[androidx.profileinstaller:profileinstaller:1.3.1] AndroidManifest.xml:49:13-51:29
233                <action android:name="androidx.profileinstaller.action.BENCHMARK_OPERATION" />
233-->[androidx.profileinstaller:profileinstaller:1.3.1] AndroidManifest.xml:50:17-95
233-->[androidx.profileinstaller:profileinstaller:1.3.1] AndroidManifest.xml:50:25-92
234            </intent-filter>
235        </receiver>
236
237        <service
237-->[androidx.room:room-runtime:2.6.1] AndroidManifest.xml:24:9-28:63
238            android:name="androidx.room.MultiInstanceInvalidationService"
238-->[androidx.room:room-runtime:2.6.1] AndroidManifest.xml:25:13-74
239            android:directBootAware="true"
239-->[androidx.room:room-runtime:2.6.1] AndroidManifest.xml:26:13-43
240            android:exported="false" />
240-->[androidx.room:room-runtime:2.6.1] AndroidManifest.xml:27:13-37
241    </application>
242
243</manifest>